<?xml version="1.0" encoding="UTF-8"?>
<testsuite name="com.client.rest.controller.ClientControllerTest" tests="1" skipped="0" failures="1" errors="0" timestamp="2024-06-09T21:28:59" hostname="MacBook-Pro-de-Jorge.local" time="0.06">
  <properties/>
  <testcase name="testCreateClient_InternalServerError()" classname="com.client.rest.controller.ClientControllerTest" time="0.06">
    <failure message="java.lang.AssertionError: Status expected:&lt;500&gt; but was:&lt;201&gt;" type="java.lang.AssertionError">java.lang.AssertionError: Status expected:&lt;500&gt; but was:&lt;201&gt;
	at org.springframework.test.util.AssertionErrors.fail(AssertionErrors.java:59)
	at org.springframework.test.util.AssertionErrors.assertEquals(AssertionErrors.java:122)
	at org.springframework.test.web.servlet.result.StatusResultMatchers.lambda$matcher$9(StatusResultMatchers.java:637)
	at org.springframework.test.web.servlet.MockMvc$1.andExpect(MockMvc.java:214)
	at com.client.rest.controller.ClientControllerTest.testCreateClient_InternalServerError(ClientControllerTest.java:158)
	at java.base/java.lang.reflect.Method.invoke(Method.java:580)
	at java.base/java.util.ArrayList.forEach(ArrayList.java:1596)
	at java.base/java.util.ArrayList.forEach(ArrayList.java:1596)
</failure>
  </testcase>
  <system-out><![CDATA[
  .   ____          _            __ _ _
 /\\ / ___'_ __ _ _(_)_ __  __ _ \ \ \ \
( ( )\___ | '_ | '_| | '_ \/ _` | \ \ \ \
 \\/  ___)| |_)| | | | | || (_| |  ) ) ) )
  '  |____| .__|_| |_|_| |_\__, | / / / /
 =========|_|==============|___/=/_/_/_/
 :: Spring Boot ::                (v3.2.6)

2024-06-09T16:28:58.827-05:00  INFO 22128 --- [api-client] [    Test worker] c.c.r.controller.ClientControllerTest    : Starting ClientControllerTest using Java 21.0.3 with PID 22128 (started by jorge in /Users/jorge/Documents/GitHub/BP-api-client)
2024-06-09T16:28:58.828-05:00  INFO 22128 --- [api-client] [    Test worker] c.c.r.controller.ClientControllerTest    : No active profile set, falling back to 1 default profile: "default"
2024-06-09T16:28:59.529-05:00  INFO 22128 --- [api-client] [    Test worker] o.s.b.t.m.w.SpringBootMockServletContext : Initializing Spring TestDispatcherServlet ''
2024-06-09T16:28:59.529-05:00  INFO 22128 --- [api-client] [    Test worker] o.s.t.web.servlet.TestDispatcherServlet  : Initializing Servlet ''
2024-06-09T16:28:59.530-05:00  INFO 22128 --- [api-client] [    Test worker] o.s.t.web.servlet.TestDispatcherServlet  : Completed initialization in 0 ms
2024-06-09T16:28:59.541-05:00  INFO 22128 --- [api-client] [    Test worker] c.c.r.controller.ClientControllerTest    : Started ClientControllerTest in 0.809 seconds (process running for 1.164)

MockHttpServletRequest:
      HTTP Method = POST
      Request URI = /clientes/create
       Parameters = {}
          Headers = [Content-Type:"application/json;charset=UTF-8", Content-Length:"176"]
             Body = {"name":"Juan Perez","generic":"MASCULINO","age":20,"identification":"123456789","address":"Quitumbe","phone":"0979378293","password":"jperez123","status":true,"clientId":null}
    Session Attrs = {}

Handler:
             Type = com.client.rest.controller.ClientController
           Method = com.client.rest.controller.ClientController#create(ClientDto)

Async:
    Async started = false
     Async result = null

Resolved Exception:
             Type = null

ModelAndView:
        View name = null
             View = null
            Model = null

FlashMap:
       Attributes = null

MockHttpServletResponse:
           Status = 201
    Error message = null
          Headers = []
     Content type = null
             Body = 
    Forwarded URL = null
   Redirected URL = null
          Cookies = []
]]></system-out>
  <system-err><![CDATA[WARNING: A Java agent has been loaded dynamically (/Users/jorge/.gradle/caches/modules-2/files-2.1/net.bytebuddy/byte-buddy-agent/1.14.16/4a451ee6484abac3a498df0f3b33ed00a6fced4d/byte-buddy-agent-1.14.16.jar)
WARNING: If a serviceability tool is in use, please run with -XX:+EnableDynamicAgentLoading to hide this warning
WARNING: If a serviceability tool is not in use, please run with -Djdk.instrument.traceUsage for more information
WARNING: Dynamic loading of agents will be disallowed by default in a future release
]]></system-err>
</testsuite>
